生成启动时间为 2021/1/27 22:41:51。
     1>项目“C:\C_2020_code\test_1_27\test_1_27\test_1_27.vcxproj”在节点 2 上(Build 个目标)。
     1>ClCompile:
         C:\Program Files (x86)\Microsoft Visual Studio 12.0\VC\bin\CL.exe /c /ZI /nologo /W3 /WX- /sdl /Od /Oy- /D _MBCS /Gm /EHsc /RTC1 /MDd /GS /fp:precise /Zc:wchar_t /Zc:forScope /Fo"Debug\\" /Fd"Debug\vc120.pdb" /Gd /TC /analyze- /errorReport:prompt test.c
         test.c
     1>c:\c_2020_code\test_1_27\test_1_27\test.c(45): error C2059: 语法错误:“常量”
     1>c:\c_2020_code\test_1_27\test_1_27\test.c(61): error C2059: 语法错误:“常量”
     1>c:\c_2020_code\test_1_27\test_1_27\test.c(96): error C2059: 语法错误:“常量”
     1>c:\c_2020_code\test_1_27\test_1_27\test.c(117): error C2059: 语法错误:“常量”
     1>c:\c_2020_code\test_1_27\test_1_27\test.c(143): error C2059: 语法错误:“常量”
     1>已完成生成项目“C:\C_2020_code\test_1_27\test_1_27\test_1_27.vcxproj”(Build 个目标)的操作 - 失败。

生成失败。

已用时间 00:00:00.30
